0 info it worked if it ends with ok
1 verbose cli [ 'C:\\Program Files (x86)\\nodejs\\node.exe',
1 verbose cli   'C:\\Program Files (x86)\\nodejs\\node_modules\\npm\\bin\\npm-cli.js',
1 verbose cli   'install' ]
2 info using npm@2.14.12
3 info using node@v4.2.4
4 verbose readDependencies loading dependencies from C:\Users\louri\Desktop\capsule\package.json
5 warn package.json auth-quickstart@0.0.1 No description
6 warn package.json auth-quickstart@0.0.1 No repository field.
7 warn package.json auth-quickstart@0.0.1 No license field.
8 verbose install where, deps [ 'C:\\Users\\louri\\Desktop\\capsule',
8 verbose install   [ 'bcrypt',
8 verbose install     'body-parser',
8 verbose install     'connect-flash',
8 verbose install     'cookie-parser',
8 verbose install     'express',
8 verbose install     'express-handlebars',
8 verbose install     'express-session',
8 verbose install     'mysql',
8 verbose install     'passport',
8 verbose install     'passport-local',
8 verbose install     'pg',
8 verbose install     'pg-hstore',
8 verbose install     'sequelize' ] ]
9 verbose install where, peers [ 'C:\\Users\\louri\\Desktop\\capsule', [] ]
10 verbose installManyTop reading for lifecycle C:\Users\louri\Desktop\capsule\package.json
11 info preinstall auth-quickstart@0.0.1
12 verbose installManyTop reading scoped package data from C:\Users\louri\Desktop\capsule\node_modules\body-parser\package.json
13 verbose installManyTop reading scoped package data from C:\Users\louri\Desktop\capsule\node_modules\connect-flash\package.json
14 verbose installManyTop reading scoped package data from C:\Users\louri\Desktop\capsule\node_modules\cookie-parser\package.json
15 verbose installManyTop reading scoped package data from C:\Users\louri\Desktop\capsule\node_modules\express\package.json
16 verbose installManyTop reading scoped package data from C:\Users\louri\Desktop\capsule\node_modules\express-handlebars\package.json
17 verbose installManyTop reading scoped package data from C:\Users\louri\Desktop\capsule\node_modules\express-session\package.json
18 verbose installManyTop reading scoped package data from C:\Users\louri\Desktop\capsule\node_modules\font-awesome\package.json
19 verbose installManyTop reading scoped package data from C:\Users\louri\Desktop\capsule\node_modules\jquery\package.json
20 verbose installManyTop reading scoped package data from C:\Users\louri\Desktop\capsule\node_modules\mysql\package.json
21 verbose installManyTop reading scoped package data from C:\Users\louri\Desktop\capsule\node_modules\passport\package.json
22 verbose installManyTop reading scoped package data from C:\Users\louri\Desktop\capsule\node_modules\passport-local\package.json
23 verbose installManyTop reading scoped package data from C:\Users\louri\Desktop\capsule\node_modules\pg\package.json
24 verbose installManyTop reading scoped package data from C:\Users\louri\Desktop\capsule\node_modules\pg-hstore\package.json
25 verbose installManyTop reading scoped package data from C:\Users\louri\Desktop\capsule\node_modules\sequelize\package.json
26 info package.json connect-flash@0.1.1 No license field.
27 info package.json passport-local@1.0.0 No license field.
28 info package.json pg-hstore@2.3.2 No license field.
29 verbose readDependencies loading dependencies from C:\Users\louri\Desktop\capsule\package.json
30 verbose targetResolver reading package data from C:\Users\louri\Desktop\capsule\node_modules\body-parser\package.json
31 verbose targetResolver reading package data from C:\Users\louri\Desktop\capsule\node_modules\connect-flash\package.json
32 verbose targetResolver reading package data from C:\Users\louri\Desktop\capsule\node_modules\cookie-parser\package.json
33 verbose targetResolver reading package data from C:\Users\louri\Desktop\capsule\node_modules\express\package.json
34 verbose targetResolver reading package data from C:\Users\louri\Desktop\capsule\node_modules\express-handlebars\package.json
35 verbose targetResolver reading package data from C:\Users\louri\Desktop\capsule\node_modules\express-session\package.json
36 verbose targetResolver reading package data from C:\Users\louri\Desktop\capsule\node_modules\font-awesome\package.json
37 verbose targetResolver reading package data from C:\Users\louri\Desktop\capsule\node_modules\jquery\package.json
38 verbose targetResolver reading package data from C:\Users\louri\Desktop\capsule\node_modules\mysql\package.json
39 verbose targetResolver reading package data from C:\Users\louri\Desktop\capsule\node_modules\passport\package.json
40 verbose targetResolver reading package data from C:\Users\louri\Desktop\capsule\node_modules\passport-local\package.json
41 verbose targetResolver reading package data from C:\Users\louri\Desktop\capsule\node_modules\pg\package.json
42 verbose targetResolver reading package data from C:\Users\louri\Desktop\capsule\node_modules\pg-hstore\package.json
43 verbose targetResolver reading package data from C:\Users\louri\Desktop\capsule\node_modules\sequelize\package.json
44 verbose already installed skipping mysql@^2.10.2 C:\Users\louri\Desktop\capsule
45 verbose already installed skipping passport@~0.3.0 C:\Users\louri\Desktop\capsule
46 verbose already installed skipping passport-local@~1.0.0 C:\Users\louri\Desktop\capsule
47 verbose already installed skipping pg@~4.4.1 C:\Users\louri\Desktop\capsule
48 verbose already installed skipping pg-hstore@~2.3.2 C:\Users\louri\Desktop\capsule
49 verbose already installed skipping sequelize@~3.6.0 C:\Users\louri\Desktop\capsule
50 silly cache add args [ 'bcrypt@~0.8.5', null ]
51 verbose cache add spec bcrypt@~0.8.5
52 silly cache add parsed spec Result {
52 silly cache add   raw: 'bcrypt@~0.8.5',
52 silly cache add   scope: null,
52 silly cache add   name: 'bcrypt',
52 silly cache add   rawSpec: '~0.8.5',
52 silly cache add   spec: '>=0.8.5 <0.9.0',
52 silly cache add   type: 'range' }
53 silly addNamed bcrypt@>=0.8.5 <0.9.0
54 verbose addNamed ">=0.8.5 <0.9.0" is a valid semver range for bcrypt
55 silly addNameRange { name: 'bcrypt', range: '>=0.8.5 <0.9.0', hasData: false }
56 silly mapToRegistry name bcrypt
57 silly mapToRegistry using default registry
58 silly mapToRegistry registry https://registry.npmjs.org/
59 silly mapToRegistry uri https://registry.npmjs.org/bcrypt
60 verbose addNameRange registry:https://registry.npmjs.org/bcrypt not in flight; fetching
61 verbose request uri https://registry.npmjs.org/bcrypt
62 verbose request no auth needed
63 info attempt registry request try #1 at 9:33:47 PM
64 verbose request id b1155edeb3f5b118
65 verbose etag "8DU4W7UFFMBWQ6UJ30654U7ZG"
66 http request GET https://registry.npmjs.org/bcrypt
67 verbose already installed skipping body-parser@~1.13.3 C:\Users\louri\Desktop\capsule
68 verbose already installed skipping connect-flash@~0.1.1 C:\Users\louri\Desktop\capsule
69 verbose already installed skipping cookie-parser@~1.3.5 C:\Users\louri\Desktop\capsule
70 verbose already installed skipping express@~4.13.3 C:\Users\louri\Desktop\capsule
71 verbose already installed skipping express-handlebars@~2.0.1 C:\Users\louri\Desktop\capsule
72 verbose already installed skipping express-session@~1.11.3 C:\Users\louri\Desktop\capsule
73 http 200 https://registry.npmjs.org/bcrypt
74 verbose headers { server: 'CouchDB/1.5.0 (Erlang OTP/R16B03)',
74 verbose headers   etag: '"9B35V2SRC5FZQJOKDCWIWM9KR"',
74 verbose headers   'content-type': 'application/json',
74 verbose headers   'content-encoding': 'gzip',
74 verbose headers   'cache-control': 'max-age=300',
74 verbose headers   'content-length': '11482',
74 verbose headers   'accept-ranges': 'bytes',
74 verbose headers   date: 'Fri, 10 Jun 2016 01:35:44 GMT',
74 verbose headers   via: '1.1 varnish',
74 verbose headers   age: '174',
74 verbose headers   connection: 'keep-alive',
74 verbose headers   'x-served-by': 'cache-jfk1025-JFK',
74 verbose headers   'x-cache': 'HIT',
74 verbose headers   'x-cache-hits': '2',
74 verbose headers   'x-timer': 'S1465522544.703585,VS0,VE0',
74 verbose headers   vary: 'Accept-Encoding' }
75 silly get cb [ 200,
75 silly get   { server: 'CouchDB/1.5.0 (Erlang OTP/R16B03)',
75 silly get     etag: '"9B35V2SRC5FZQJOKDCWIWM9KR"',
75 silly get     'content-type': 'application/json',
75 silly get     'content-encoding': 'gzip',
75 silly get     'cache-control': 'max-age=300',
75 silly get     'content-length': '11482',
75 silly get     'accept-ranges': 'bytes',
75 silly get     date: 'Fri, 10 Jun 2016 01:35:44 GMT',
75 silly get     via: '1.1 varnish',
75 silly get     age: '174',
75 silly get     connection: 'keep-alive',
75 silly get     'x-served-by': 'cache-jfk1025-JFK',
75 silly get     'x-cache': 'HIT',
75 silly get     'x-cache-hits': '2',
75 silly get     'x-timer': 'S1465522544.703585,VS0,VE0',
75 silly get     vary: 'Accept-Encoding' } ]
76 verbose get saving bcrypt to C:\Users\louri\AppData\Roaming\npm-cache\registry.npmjs.org\bcrypt\.cache.json
77 silly addNameRange number 2 { name: 'bcrypt', range: '>=0.8.5 <0.9.0', hasData: true }
78 silly addNameRange versions [ 'bcrypt',
78 silly addNameRange   [ '0.1.2',
78 silly addNameRange     '0.2.0',
78 silly addNameRange     '0.2.1',
78 silly addNameRange     '0.1.3',
78 silly addNameRange     '0.2.2',
78 silly addNameRange     '0.2.3',
78 silly addNameRange     '0.2.4',
78 silly addNameRange     '0.3.0',
78 silly addNameRange     '0.3.1',
78 silly addNameRange     '0.3.2',
78 silly addNameRange     '0.4.0',
78 silly addNameRange     '0.4.1',
78 silly addNameRange     '0.5.0',
78 silly addNameRange     '0.6.0',
78 silly addNameRange     '0.7.0',
78 silly addNameRange     '0.7.1',
78 silly addNameRange     '0.7.2',
78 silly addNameRange     '0.7.3',
78 silly addNameRange     '0.7.4',
78 silly addNameRange     '0.7.5',
78 silly addNameRange     '0.7.6',
78 silly addNameRange     '0.7.7',
78 silly addNameRange     '0.7.8',
78 silly addNameRange     '0.8.0',
78 silly addNameRange     '0.8.1',
78 silly addNameRange     '0.8.2',
78 silly addNameRange     '0.8.3',
78 silly addNameRange     '0.8.4',
78 silly addNameRange     '0.8.5',
78 silly addNameRange     '0.8.6' ] ]
79 silly addNamed bcrypt@0.8.6
80 verbose addNamed "0.8.6" is a plain semver version for bcrypt
81 silly cache afterAdd bcrypt@0.8.6
82 verbose afterAdd C:\Users\louri\AppData\Roaming\npm-cache\bcrypt\0.8.6\package\package.json not in flight; writing
83 verbose afterAdd C:\Users\louri\AppData\Roaming\npm-cache\bcrypt\0.8.6\package\package.json written
84 silly install resolved [ { name: 'bcrypt',
84 silly install resolved     description: 'A bcrypt library for NodeJS.',
84 silly install resolved     keywords:
84 silly install resolved      [ 'bcrypt',
84 silly install resolved        'password',
84 silly install resolved        'auth',
84 silly install resolved        'authentication',
84 silly install resolved        'encryption',
84 silly install resolved        'crypt',
84 silly install resolved        'crypto' ],
84 silly install resolved     main: './bcrypt',
84 silly install resolved     version: '0.8.6',
84 silly install resolved     author: { name: 'Nick Campbell', url: 'https://github.com/ncb000gt' },
84 silly install resolved     engines: { node: '>= 0.6.0' },
84 silly install resolved     repository:
84 silly install resolved      { type: 'git',
84 silly install resolved        url: 'git+https://github.com/ncb000gt/node.bcrypt.js.git' },
84 silly install resolved     license: 'MIT',
84 silly install resolved     bugs: { url: 'https://github.com/ncb000gt/node.bcrypt.js/issues' },
84 silly install resolved     scripts:
84 silly install resolved      { test: 'node-gyp configure build && nodeunit test',
84 silly install resolved        install: 'node-gyp rebuild' },
84 silly install resolved     dependencies: { bindings: '1.2.1', nan: '2.2.1' },
84 silly install resolved     devDependencies: { nodeunit: '~0.9.1' },
84 silly install resolved     contributors:
84 silly install resolved      [ [Object],
84 silly install resolved        [Object],
84 silly install resolved        [Object],
84 silly install resolved        [Object],
84 silly install resolved        [Object],
84 silly install resolved        [Object],
84 silly install resolved        [Object],
84 silly install resolved        [Object],
84 silly install resolved        [Object],
84 silly install resolved        [Object],
84 silly install resolved        [Object],
84 silly install resolved        [Object],
84 silly install resolved        [Object],
84 silly install resolved        [Object] ],
84 silly install resolved     gypfile: true,
84 silly install resolved     gitHead: '10f0f99232cea96446e95bf128f718b87aec3237',
84 silly install resolved     homepage: 'https://github.com/ncb000gt/node.bcrypt.js#readme',
84 silly install resolved     _id: 'bcrypt@0.8.6',
84 silly install resolved     _shasum: '182164f7d5e1de94ddd797473efd48b57b1f04b4',
84 silly install resolved     _from: 'bcrypt@>=0.8.5 <0.9.0',
84 silly install resolved     _npmVersion: '3.8.3',
84 silly install resolved     _nodeVersion: '5.10.1',
84 silly install resolved     _npmUser: { name: 'defunctzombie', email: 'shtylman@gmail.com' },
84 silly install resolved     dist:
84 silly install resolved      { shasum: '182164f7d5e1de94ddd797473efd48b57b1f04b4',
84 silly install resolved        tarball: 'https://registry.npmjs.org/bcrypt/-/bcrypt-0.8.6.tgz' },
84 silly install resolved     maintainers: [ [Object], [Object], [Object], [Object] ],
84 silly install resolved     _npmOperationalInternal:
84 silly install resolved      { host: 'packages-12-west.internal.npmjs.com',
84 silly install resolved        tmp: 'tmp/bcrypt-0.8.6.tgz_1461200578042_0.6844706872943789' },
84 silly install resolved     directories: {},
84 silly install resolved     _resolved: 'https://registry.npmjs.org/bcrypt/-/bcrypt-0.8.6.tgz',
84 silly install resolved     readme: 'ERROR: No README data found!' } ]
85 info install bcrypt@0.8.6 into C:\Users\louri\Desktop\capsule
86 info installOne bcrypt@0.8.6
87 verbose installOne of bcrypt to C:\Users\louri\Desktop\capsule not in flight; installing
88 verbose lock using C:\Users\louri\AppData\Roaming\npm-cache\_locks\bcrypt-eead0b5c19304386.lock for C:\Users\louri\Desktop\capsule\node_modules\bcrypt
89 silly install write writing bcrypt 0.8.6 to C:\Users\louri\Desktop\capsule\node_modules\bcrypt
90 verbose unbuild node_modules\bcrypt
91 silly gentlyRm C:\Users\louri\Desktop\capsule\node_modules\bcrypt is being purged from base C:\Users\louri\Desktop\capsule
92 verbose gentlyRm don't care about contents; nuking C:\Users\louri\Desktop\capsule\node_modules\bcrypt
93 verbose tar unpack C:\Users\louri\AppData\Roaming\npm-cache\bcrypt\0.8.6\package.tgz
94 verbose tar unpacking to C:\Users\louri\Desktop\capsule\node_modules\bcrypt
95 silly gentlyRm C:\Users\louri\Desktop\capsule\node_modules\bcrypt is being purged
96 verbose gentlyRm don't care about contents; nuking C:\Users\louri\Desktop\capsule\node_modules\bcrypt
97 silly gunzTarPerm modes [ '777', '666' ]
98 silly gunzTarPerm extractEntry package.json
99 silly gunzTarPerm modified mode [ 'package.json', 420, 438 ]
100 silly gunzTarPerm extractEntry .npmignore
101 silly gunzTarPerm modified mode [ '.npmignore', 420, 438 ]
102 silly gunzTarPerm extractEntry README.md
103 silly gunzTarPerm modified mode [ 'README.md', 420, 438 ]
104 silly gunzTarPerm extractEntry LICENSE
105 silly gunzTarPerm modified mode [ 'LICENSE', 420, 438 ]
106 silly gunzTarPerm extractEntry bcrypt.js
107 silly gunzTarPerm modified mode [ 'bcrypt.js', 420, 438 ]
108 silly gunzTarPerm extractEntry Makefile
109 silly gunzTarPerm modified mode [ 'Makefile', 420, 438 ]
110 silly gunzTarPerm extractEntry .travis.yml
111 silly gunzTarPerm modified mode [ '.travis.yml', 420, 438 ]
112 silly gunzTarPerm extractEntry CHANGELOG.md
113 silly gunzTarPerm modified mode [ 'CHANGELOG.md', 420, 438 ]
114 silly gunzTarPerm extractEntry binding.gyp
115 silly gunzTarPerm modified mode [ 'binding.gyp', 420, 438 ]
116 silly gunzTarPerm extractEntry examples/async_compare.js
117 silly gunzTarPerm modified mode [ 'examples/async_compare.js', 420, 438 ]
118 silly gunzTarPerm extractEntry examples/forever_gen_salt.js
119 silly gunzTarPerm modified mode [ 'examples/forever_gen_salt.js', 420, 438 ]
120 silly gunzTarPerm extractEntry test/async.js
121 silly gunzTarPerm modified mode [ 'test/async.js', 420, 438 ]
122 silly gunzTarPerm extractEntry test/repetitions.js
123 silly gunzTarPerm modified mode [ 'test/repetitions.js', 420, 438 ]
124 silly gunzTarPerm extractEntry test/sync.js
125 silly gunzTarPerm modified mode [ 'test/sync.js', 420, 438 ]
126 silly gunzTarPerm extractEntry src/bcrypt.cc
127 silly gunzTarPerm modified mode [ 'src/bcrypt.cc', 420, 438 ]
128 silly gunzTarPerm extractEntry src/bcrypt_node.cc
129 silly gunzTarPerm modified mode [ 'src/bcrypt_node.cc', 420, 438 ]
130 silly gunzTarPerm extractEntry src/blowfish.cc
131 silly gunzTarPerm modified mode [ 'src/blowfish.cc', 420, 438 ]
132 silly gunzTarPerm extractEntry src/node_blf.h
133 silly gunzTarPerm modified mode [ 'src/node_blf.h', 420, 438 ]
134 silly gunzTarPerm extractEntry werker.yml
135 silly gunzTarPerm modified mode [ 'werker.yml', 420, 438 ]
136 verbose write writing to C:\Users\louri\Desktop\capsule\node_modules\bcrypt\package.json
137 info preinstall bcrypt@0.8.6
138 verbose readDependencies loading dependencies from C:\Users\louri\Desktop\capsule\node_modules\bcrypt\package.json
139 silly prepareForInstallMany adding bindings@1.2.1 from bcrypt dependencies
140 silly prepareForInstallMany adding nan@2.2.1 from bcrypt dependencies
141 verbose readDependencies loading dependencies from C:\Users\louri\Desktop\capsule\node_modules\bcrypt\package.json
142 silly cache add args [ 'bindings@1.2.1', null ]
143 verbose cache add spec bindings@1.2.1
144 silly cache add args [ 'nan@2.2.1', null ]
145 verbose cache add spec nan@2.2.1
146 silly cache add parsed spec Result {
146 silly cache add   raw: 'bindings@1.2.1',
146 silly cache add   scope: null,
146 silly cache add   name: 'bindings',
146 silly cache add   rawSpec: '1.2.1',
146 silly cache add   spec: '1.2.1',
146 silly cache add   type: 'version' }
147 silly addNamed bindings@1.2.1
148 verbose addNamed "1.2.1" is a plain semver version for bindings
149 silly mapToRegistry name bindings
150 silly mapToRegistry using default registry
151 silly mapToRegistry registry https://registry.npmjs.org/
152 silly mapToRegistry uri https://registry.npmjs.org/bindings
153 verbose addNameVersion registry:https://registry.npmjs.org/bindings not in flight; fetching
154 silly cache add parsed spec Result {
154 silly cache add   raw: 'nan@2.2.1',
154 silly cache add   scope: null,
154 silly cache add   name: 'nan',
154 silly cache add   rawSpec: '2.2.1',
154 silly cache add   spec: '2.2.1',
154 silly cache add   type: 'version' }
155 silly addNamed nan@2.2.1
156 verbose addNamed "2.2.1" is a plain semver version for nan
157 silly mapToRegistry name nan
158 silly mapToRegistry using default registry
159 silly mapToRegistry registry https://registry.npmjs.org/
160 silly mapToRegistry uri https://registry.npmjs.org/nan
161 verbose addNameVersion registry:https://registry.npmjs.org/nan not in flight; fetching
162 verbose request uri https://registry.npmjs.org/bindings
163 verbose request no auth needed
164 info attempt registry request try #1 at 9:33:48 PM
165 verbose etag "52V000P2NYY3KZ7FVPJGGEJQ0"
166 http request GET https://registry.npmjs.org/bindings
167 verbose request uri https://registry.npmjs.org/nan
168 verbose request no auth needed
169 info attempt registry request try #1 at 9:33:48 PM
170 verbose etag "12RFHNMU7CS3WJ1892HQLM0NB"
171 http request GET https://registry.npmjs.org/nan
172 http 200 https://registry.npmjs.org/bindings
173 verbose headers { server: 'CouchDB/1.5.0 (Erlang OTP/R16B03)',
173 verbose headers   etag: '"33TX4J3DNTGF7K41ZUV6OA182"',
173 verbose headers   'content-type': 'application/json',
173 verbose headers   'content-encoding': 'gzip',
173 verbose headers   'cache-control': 'max-age=300',
173 verbose headers   'content-length': '3804',
173 verbose headers   'accept-ranges': 'bytes',
173 verbose headers   date: 'Fri, 10 Jun 2016 01:35:44 GMT',
173 verbose headers   via: '1.1 varnish',
173 verbose headers   age: '117',
173 verbose headers   connection: 'keep-alive',
173 verbose headers   'x-served-by': 'cache-jfk1030-JFK',
173 verbose headers   'x-cache': 'HIT',
173 verbose headers   'x-cache-hits': '2',
173 verbose headers   'x-timer': 'S1465522544.954734,VS0,VE0',
173 verbose headers   vary: 'Accept-Encoding' }
174 silly get cb [ 200,
174 silly get   { server: 'CouchDB/1.5.0 (Erlang OTP/R16B03)',
174 silly get     etag: '"33TX4J3DNTGF7K41ZUV6OA182"',
174 silly get     'content-type': 'application/json',
174 silly get     'content-encoding': 'gzip',
174 silly get     'cache-control': 'max-age=300',
174 silly get     'content-length': '3804',
174 silly get     'accept-ranges': 'bytes',
174 silly get     date: 'Fri, 10 Jun 2016 01:35:44 GMT',
174 silly get     via: '1.1 varnish',
174 silly get     age: '117',
174 silly get     connection: 'keep-alive',
174 silly get     'x-served-by': 'cache-jfk1030-JFK',
174 silly get     'x-cache': 'HIT',
174 silly get     'x-cache-hits': '2',
174 silly get     'x-timer': 'S1465522544.954734,VS0,VE0',
174 silly get     vary: 'Accept-Encoding' } ]
175 verbose get saving bindings to C:\Users\louri\AppData\Roaming\npm-cache\registry.npmjs.org\bindings\.cache.json
176 silly mapToRegistry name bindings
177 silly mapToRegistry using default registry
178 silly mapToRegistry registry https://registry.npmjs.org/
179 silly mapToRegistry uri https://registry.npmjs.org/bindings
180 verbose addRemoteTarball https://registry.npmjs.org/bindings/-/bindings-1.2.1.tgz not in flight; adding
181 verbose addRemoteTarball [ 'https://registry.npmjs.org/bindings/-/bindings-1.2.1.tgz',
181 verbose addRemoteTarball   '14ad6113812d2d37d72e67b4cacb4bb726505f11' ]
182 http 304 https://registry.npmjs.org/nan
183 verbose headers { date: 'Fri, 10 Jun 2016 01:35:44 GMT',
183 verbose headers   via: '1.1 varnish',
183 verbose headers   'cache-control': 'max-age=300',
183 verbose headers   etag: '"12RFHNMU7CS3WJ1892HQLM0NB"',
183 verbose headers   age: '153',
183 verbose headers   connection: 'keep-alive',
183 verbose headers   'x-served-by': 'cache-jfk1031-JFK',
183 verbose headers   'x-cache': 'HIT',
183 verbose headers   'x-cache-hits': '4',
183 verbose headers   'x-timer': 'S1465522544.971859,VS0,VE0',
183 verbose headers   vary: 'Accept-Encoding' }
184 silly get cb [ 304,
184 silly get   { date: 'Fri, 10 Jun 2016 01:35:44 GMT',
184 silly get     via: '1.1 varnish',
184 silly get     'cache-control': 'max-age=300',
184 silly get     etag: '"12RFHNMU7CS3WJ1892HQLM0NB"',
184 silly get     age: '153',
184 silly get     connection: 'keep-alive',
184 silly get     'x-served-by': 'cache-jfk1031-JFK',
184 silly get     'x-cache': 'HIT',
184 silly get     'x-cache-hits': '4',
184 silly get     'x-timer': 'S1465522544.971859,VS0,VE0',
184 silly get     vary: 'Accept-Encoding' } ]
185 verbose etag https://registry.npmjs.org/nan from cache
186 verbose get saving nan to C:\Users\louri\AppData\Roaming\npm-cache\registry.npmjs.org\nan\.cache.json
187 info retry fetch attempt 1 at 9:33:48 PM
188 info attempt registry request try #1 at 9:33:48 PM
189 http fetch GET https://registry.npmjs.org/bindings/-/bindings-1.2.1.tgz
190 silly cache afterAdd nan@2.2.1
191 verbose afterAdd C:\Users\louri\AppData\Roaming\npm-cache\nan\2.2.1\package\package.json not in flight; writing
192 verbose afterAdd C:\Users\louri\AppData\Roaming\npm-cache\nan\2.2.1\package\package.json written
193 http fetch 200 https://registry.npmjs.org/bindings/-/bindings-1.2.1.tgz
194 silly fetchAndShaCheck shasum 14ad6113812d2d37d72e67b4cacb4bb726505f11
195 verbose addTmpTarball C:\Users\louri\AppData\Local\Temp\npm-8472-377a066f\registry.npmjs.org\bindings\-\bindings-1.2.1.tgz not in flight; adding
196 verbose addTmpTarball already have metadata; skipping unpack for bindings@1.2.1
197 silly cache afterAdd bindings@1.2.1
198 verbose afterAdd C:\Users\louri\AppData\Roaming\npm-cache\bindings\1.2.1\package\package.json not in flight; writing
199 verbose afterAdd C:\Users\louri\AppData\Roaming\npm-cache\bindings\1.2.1\package\package.json written
200 silly install resolved [ { name: 'nan',
200 silly install resolved     version: '2.2.1',
200 silly install resolved     description: 'Native Abstractions for Node.js: C++ header for Node 0.8 -> 4 compatibility',
200 silly install resolved     main: 'include_dirs.js',
200 silly install resolved     repository: { type: 'git', url: 'git://github.com/nodejs/nan.git' },
200 silly install resolved     scripts:
200 silly install resolved      { test: 'tap --gc test/js/*-test.js',
200 silly install resolved        'rebuild-tests': 'node-gyp rebuild --msvs_version=2013 --directory test',
200 silly install resolved        docs: 'doc/.build.sh' },
200 silly install resolved     contributors:
200 silly install resolved      [ [Object],
200 silly install resolved        [Object],
200 silly install resolved        [Object],
200 silly install resolved        [Object],
200 silly install resolved        [Object],
200 silly install resolved        [Object],
200 silly install resolved        [Object] ],
200 silly install resolved     devDependencies:
200 silly install resolved      { bindings: '~1.2.1',
200 silly install resolved        commander: '^2.8.1',
200 silly install resolved        glob: '^5.0.14',
200 silly install resolved        'node-gyp': '~3.0.1',
200 silly install resolved        tap: '~0.7.1',
200 silly install resolved        xtend: '~4.0.0' },
200 silly install resolved     license: 'MIT',
200 silly install resolved     bugs: { url: 'https://github.com/nodejs/nan/issues' },
200 silly install resolved     homepage: 'https://github.com/nodejs/nan#readme',
200 silly install resolved     _id: 'nan@2.2.1',
200 silly install resolved     _shasum: 'd68693f6b34bb41d66bc68b3a4f9defc79d7149b',
200 silly install resolved     _resolved: 'https://registry.npmjs.org/nan/-/nan-2.2.1.tgz',
200 silly install resolved     _from: 'nan@2.2.1',
200 silly install resolved     _npmVersion: '3.3.6',
200 silly install resolved     _nodeVersion: '5.0.0',
200 silly install resolved     _npmUser: { name: 'kkoopa', email: 'bbyholm@abo.fi' },
200 silly install resolved     dist:
200 silly install resolved      { shasum: 'd68693f6b34bb41d66bc68b3a4f9defc79d7149b',
200 silly install resolved        tarball: 'https://registry.npmjs.org/nan/-/nan-2.2.1.tgz' },
200 silly install resolved     maintainers: [ [Object], [Object] ],
200 silly install resolved     _npmOperationalInternal:
200 silly install resolved      { host: 'packages-12-west.internal.npmjs.com',
200 silly install resolved        tmp: 'tmp/nan-2.2.1.tgz_1459265439909_0.12396649201400578' },
200 silly install resolved     directories: {},
200 silly install resolved     readme: 'ERROR: No README data found!' },
200 silly install resolved   { name: 'bindings',
200 silly install resolved     description: 'Helper module for loading your native module\'s .node file',
200 silly install resolved     keywords: [ 'native', 'addon', 'bindings', 'gyp', 'waf', 'c', 'c++' ],
200 silly install resolved     version: '1.2.1',
200 silly install resolved     author:
200 silly install resolved      { name: 'Nathan Rajlich',
200 silly install resolved        email: 'nathan@tootallnate.net',
200 silly install resolved        url: 'http://tootallnate.net' },
200 silly install resolved     repository:
200 silly install resolved      { type: 'git',
200 silly install resolved        url: 'git://github.com/TooTallNate/node-bindings.git' },
200 silly install resolved     main: './bindings.js',
200 silly install resolved     bugs: { url: 'https://github.com/TooTallNate/node-bindings/issues' },
200 silly install resolved     homepage: 'https://github.com/TooTallNate/node-bindings',
200 silly install resolved     license: 'MIT',
200 silly install resolved     gitHead: 'e404152ee27f8478ccbc7122ee051246e8e5ec02',
200 silly install resolved     _id: 'bindings@1.2.1',
200 silly install resolved     scripts: {},
200 silly install resolved     _shasum: '14ad6113812d2d37d72e67b4cacb4bb726505f11',
200 silly install resolved     _from: 'bindings@1.2.1',
200 silly install resolved     _npmVersion: '1.4.14',
200 silly install resolved     _npmUser: { name: 'tootallnate', email: 'nathan@tootallnate.net' },
200 silly install resolved     maintainers: [ [Object], [Object] ],
200 silly install resolved     dist:
200 silly install resolved      { shasum: '14ad6113812d2d37d72e67b4cacb4bb726505f11',
200 silly install resolved        tarball: 'https://registry.npmjs.org/bindings/-/bindings-1.2.1.tgz' },
200 silly install resolved     directories: {},
200 silly install resolved     _resolved: 'https://registry.npmjs.org/bindings/-/bindings-1.2.1.tgz' } ]
201 info install nan@2.2.1 into C:\Users\louri\Desktop\capsule\node_modules\bcrypt
202 info install bindings@1.2.1 into C:\Users\louri\Desktop\capsule\node_modules\bcrypt
203 info installOne nan@2.2.1
204 verbose installOne of nan to C:\Users\louri\Desktop\capsule\node_modules\bcrypt not in flight; installing
205 info installOne bindings@1.2.1
206 verbose installOne of bindings to C:\Users\louri\Desktop\capsule\node_modules\bcrypt not in flight; installing
207 verbose lock using C:\Users\louri\AppData\Roaming\npm-cache\_locks\nan-3c70b280d8d9b20b.lock for C:\Users\louri\Desktop\capsule\node_modules\bcrypt\node_modules\nan
208 verbose lock using C:\Users\louri\AppData\Roaming\npm-cache\_locks\bindings-c516a9a922dc2e14.lock for C:\Users\louri\Desktop\capsule\node_modules\bcrypt\node_modules\bindings
209 silly install write writing nan 2.2.1 to C:\Users\louri\Desktop\capsule\node_modules\bcrypt\node_modules\nan
210 silly install write writing bindings 1.2.1 to C:\Users\louri\Desktop\capsule\node_modules\bcrypt\node_modules\bindings
211 verbose unbuild node_modules\bcrypt\node_modules\nan
212 verbose unbuild node_modules\bcrypt\node_modules\bindings
213 silly gentlyRm C:\Users\louri\Desktop\capsule\node_modules\bcrypt\node_modules\nan is being purged from base C:\Users\louri\Desktop\capsule
214 verbose gentlyRm don't care about contents; nuking C:\Users\louri\Desktop\capsule\node_modules\bcrypt\node_modules\nan
215 silly gentlyRm C:\Users\louri\Desktop\capsule\node_modules\bcrypt\node_modules\bindings is being purged from base C:\Users\louri\Desktop\capsule
216 verbose gentlyRm don't care about contents; nuking C:\Users\louri\Desktop\capsule\node_modules\bcrypt\node_modules\bindings
217 verbose tar unpack C:\Users\louri\AppData\Roaming\npm-cache\nan\2.2.1\package.tgz
218 verbose tar unpacking to C:\Users\louri\Desktop\capsule\node_modules\bcrypt\node_modules\nan
219 silly gentlyRm C:\Users\louri\Desktop\capsule\node_modules\bcrypt\node_modules\nan is being purged
220 verbose gentlyRm don't care about contents; nuking C:\Users\louri\Desktop\capsule\node_modules\bcrypt\node_modules\nan
221 verbose tar unpack C:\Users\louri\AppData\Roaming\npm-cache\bindings\1.2.1\package.tgz
222 verbose tar unpacking to C:\Users\louri\Desktop\capsule\node_modules\bcrypt\node_modules\bindings
223 silly gentlyRm C:\Users\louri\Desktop\capsule\node_modules\bcrypt\node_modules\bindings is being purged
224 verbose gentlyRm don't care about contents; nuking C:\Users\louri\Desktop\capsule\node_modules\bcrypt\node_modules\bindings
225 silly gunzTarPerm modes [ '777', '666' ]
226 silly gunzTarPerm modes [ '777', '666' ]
227 silly gunzTarPerm extractEntry package.json
228 silly gunzTarPerm modified mode [ 'package.json', 436, 438 ]
229 silly gunzTarPerm extractEntry package.json
230 silly gunzTarPerm modified mode [ 'package.json', 420, 438 ]
231 silly gunzTarPerm extractEntry include_dirs.js
232 silly gunzTarPerm modified mode [ 'include_dirs.js', 436, 438 ]
233 silly gunzTarPerm extractEntry nan_converters.h
234 silly gunzTarPerm modified mode [ 'nan_converters.h', 436, 438 ]
235 silly gunzTarPerm extractEntry README.md
236 silly gunzTarPerm modified mode [ 'README.md', 420, 438 ]
237 silly gunzTarPerm extractEntry bindings.js
238 silly gunzTarPerm modified mode [ 'bindings.js', 420, 438 ]
239 silly gunzTarPerm extractEntry LICENSE.md
240 silly gunzTarPerm modified mode [ 'LICENSE.md', 436, 438 ]
241 silly gunzTarPerm extractEntry .dntrc
242 silly gunzTarPerm modified mode [ '.dntrc', 436, 438 ]
243 silly gunzTarPerm extractEntry appveyor.yml
244 silly gunzTarPerm modified mode [ 'appveyor.yml', 436, 438 ]
245 silly gunzTarPerm extractEntry doc/new.md
246 silly gunzTarPerm modified mode [ 'doc/new.md', 436, 438 ]
247 silly gunzTarPerm extractEntry doc/.build.sh
248 silly gunzTarPerm modified mode [ 'doc/.build.sh', 509, 511 ]
249 verbose write writing to C:\Users\louri\Desktop\capsule\node_modules\bcrypt\node_modules\bindings\package.json
250 silly gunzTarPerm extractEntry doc/buffers.md
251 silly gunzTarPerm modified mode [ 'doc/buffers.md', 436, 438 ]
252 silly gunzTarPerm extractEntry doc/callback.md
253 silly gunzTarPerm modified mode [ 'doc/callback.md', 436, 438 ]
254 silly gunzTarPerm extractEntry doc/converters.md
255 silly gunzTarPerm modified mode [ 'doc/converters.md', 436, 438 ]
256 silly gunzTarPerm extractEntry doc/errors.md
257 silly gunzTarPerm modified mode [ 'doc/errors.md', 436, 438 ]
258 silly gunzTarPerm extractEntry doc/maybe_types.md
259 silly gunzTarPerm modified mode [ 'doc/maybe_types.md', 436, 438 ]
260 silly gunzTarPerm extractEntry doc/methods.md
261 silly gunzTarPerm modified mode [ 'doc/methods.md', 436, 438 ]
262 info preinstall bindings@1.2.1
263 verbose readDependencies loading dependencies from C:\Users\louri\Desktop\capsule\node_modules\bcrypt\node_modules\bindings\package.json
264 silly gunzTarPerm extractEntry doc/asyncworker.md
265 silly gunzTarPerm modified mode [ 'doc/asyncworker.md', 436, 438 ]
266 silly gunzTarPerm extractEntry doc/node_misc.md
267 silly gunzTarPerm modified mode [ 'doc/node_misc.md', 436, 438 ]
268 verbose readDependencies loading dependencies from C:\Users\louri\Desktop\capsule\node_modules\bcrypt\node_modules\bindings\package.json
269 silly gunzTarPerm extractEntry doc/object_wrappers.md
270 silly gunzTarPerm modified mode [ 'doc/object_wrappers.md', 436, 438 ]
271 silly gunzTarPerm extractEntry doc/persistent.md
272 silly gunzTarPerm modified mode [ 'doc/persistent.md', 436, 438 ]
273 silly install resolved []
274 verbose about to build C:\Users\louri\Desktop\capsule\node_modules\bcrypt\node_modules\bindings
275 info build C:\Users\louri\Desktop\capsule\node_modules\bcrypt\node_modules\bindings
276 silly gunzTarPerm extractEntry doc/scopes.md
277 silly gunzTarPerm modified mode [ 'doc/scopes.md', 436, 438 ]
278 silly gunzTarPerm extractEntry doc/script.md
279 silly gunzTarPerm modified mode [ 'doc/script.md', 436, 438 ]
280 info linkStuff bindings@1.2.1
281 silly linkStuff bindings@1.2.1 has C:\Users\louri\Desktop\capsule\node_modules\bcrypt\node_modules as its parent node_modules
282 verbose linkBins bindings@1.2.1
283 verbose linkMans bindings@1.2.1
284 verbose rebuildBundles bindings@1.2.1
285 info install bindings@1.2.1
286 info postinstall bindings@1.2.1
287 verbose unlock done using C:\Users\louri\AppData\Roaming\npm-cache\_locks\bindings-c516a9a922dc2e14.lock for C:\Users\louri\Desktop\capsule\node_modules\bcrypt\node_modules\bindings
288 silly gunzTarPerm extractEntry doc/string_bytes.md
289 silly gunzTarPerm modified mode [ 'doc/string_bytes.md', 436, 438 ]
290 silly gunzTarPerm extractEntry doc/v8_internals.md
291 silly gunzTarPerm modified mode [ 'doc/v8_internals.md', 436, 438 ]
292 silly gunzTarPerm extractEntry doc/v8_misc.md
293 silly gunzTarPerm modified mode [ 'doc/v8_misc.md', 436, 438 ]
294 silly gunzTarPerm extractEntry nan.h
295 silly gunzTarPerm modified mode [ 'nan.h', 436, 438 ]
296 silly gunzTarPerm extractEntry nan_callbacks.h
297 silly gunzTarPerm modified mode [ 'nan_callbacks.h', 436, 438 ]
298 silly gunzTarPerm extractEntry nan_callbacks_12_inl.h
299 silly gunzTarPerm modified mode [ 'nan_callbacks_12_inl.h', 436, 438 ]
300 silly gunzTarPerm extractEntry nan_callbacks_pre_12_inl.h
301 silly gunzTarPerm modified mode [ 'nan_callbacks_pre_12_inl.h', 436, 438 ]
302 silly gunzTarPerm extractEntry nan_converters_43_inl.h
303 silly gunzTarPerm modified mode [ 'nan_converters_43_inl.h', 436, 438 ]
304 silly gunzTarPerm extractEntry nan_converters_pre_43_inl.h
305 silly gunzTarPerm modified mode [ 'nan_converters_pre_43_inl.h', 436, 438 ]
306 silly gunzTarPerm extractEntry nan_implementation_12_inl.h
307 silly gunzTarPerm modified mode [ 'nan_implementation_12_inl.h', 436, 438 ]
308 silly gunzTarPerm extractEntry nan_implementation_pre_12_inl.h
309 silly gunzTarPerm modified mode [ 'nan_implementation_pre_12_inl.h', 436, 438 ]
310 silly gunzTarPerm extractEntry nan_maybe_43_inl.h
311 silly gunzTarPerm modified mode [ 'nan_maybe_43_inl.h', 436, 438 ]
312 silly gunzTarPerm extractEntry nan_maybe_pre_43_inl.h
313 silly gunzTarPerm modified mode [ 'nan_maybe_pre_43_inl.h', 436, 438 ]
314 silly gunzTarPerm extractEntry nan_new.h
315 silly gunzTarPerm modified mode [ 'nan_new.h', 436, 438 ]
316 silly gunzTarPerm extractEntry nan_object_wrap.h
317 silly gunzTarPerm modified mode [ 'nan_object_wrap.h', 436, 438 ]
318 silly gunzTarPerm extractEntry nan_persistent_12_inl.h
319 silly gunzTarPerm modified mode [ 'nan_persistent_12_inl.h', 436, 438 ]
320 silly gunzTarPerm extractEntry nan_persistent_pre_12_inl.h
321 silly gunzTarPerm modified mode [ 'nan_persistent_pre_12_inl.h', 436, 438 ]
322 silly gunzTarPerm extractEntry nan_string_bytes.h
323 silly gunzTarPerm modified mode [ 'nan_string_bytes.h', 436, 438 ]
324 silly gunzTarPerm extractEntry nan_typedarray_contents.h
325 silly gunzTarPerm modified mode [ 'nan_typedarray_contents.h', 436, 438 ]
326 silly gunzTarPerm extractEntry nan_weak.h
327 silly gunzTarPerm modified mode [ 'nan_weak.h', 436, 438 ]
328 silly gunzTarPerm extractEntry CHANGELOG.md
329 silly gunzTarPerm modified mode [ 'CHANGELOG.md', 436, 438 ]
330 silly gunzTarPerm extractEntry tools/package.json
331 silly gunzTarPerm modified mode [ 'tools/package.json', 436, 438 ]
332 silly gunzTarPerm extractEntry tools/README.md
333 silly gunzTarPerm modified mode [ 'tools/README.md', 436, 438 ]
334 silly gunzTarPerm extractEntry tools/1to2.js
335 silly gunzTarPerm modified mode [ 'tools/1to2.js', 509, 511 ]
336 verbose write writing to C:\Users\louri\Desktop\capsule\node_modules\bcrypt\node_modules\nan\package.json
337 info preinstall nan@2.2.1
338 verbose readDependencies loading dependencies from C:\Users\louri\Desktop\capsule\node_modules\bcrypt\node_modules\nan\package.json
339 verbose readDependencies loading dependencies from C:\Users\louri\Desktop\capsule\node_modules\bcrypt\node_modules\nan\package.json
340 silly install resolved []
341 verbose about to build C:\Users\louri\Desktop\capsule\node_modules\bcrypt\node_modules\nan
342 info build C:\Users\louri\Desktop\capsule\node_modules\bcrypt\node_modules\nan
343 info linkStuff nan@2.2.1
344 silly linkStuff nan@2.2.1 has C:\Users\louri\Desktop\capsule\node_modules\bcrypt\node_modules as its parent node_modules
345 verbose linkBins nan@2.2.1
346 verbose linkMans nan@2.2.1
347 verbose rebuildBundles nan@2.2.1
348 info install nan@2.2.1
349 info postinstall nan@2.2.1
350 verbose unlock done using C:\Users\louri\AppData\Roaming\npm-cache\_locks\nan-3c70b280d8d9b20b.lock for C:\Users\louri\Desktop\capsule\node_modules\bcrypt\node_modules\nan
351 verbose about to build C:\Users\louri\Desktop\capsule\node_modules\bcrypt
352 info build C:\Users\louri\Desktop\capsule\node_modules\bcrypt
353 info linkStuff bcrypt@0.8.6
354 silly linkStuff bcrypt@0.8.6 has C:\Users\louri\Desktop\capsule\node_modules as its parent node_modules
355 verbose linkBins bcrypt@0.8.6
356 verbose linkMans bcrypt@0.8.6
357 verbose rebuildBundles bcrypt@0.8.6
358 verbose rebuildBundles [ 'bindings', 'nan' ]
359 info install bcrypt@0.8.6
360 verbose unsafe-perm in lifecycle true
361 info bcrypt@0.8.6 Failed to exec install script
362 verbose unlock done using C:\Users\louri\AppData\Roaming\npm-cache\_locks\bcrypt-eead0b5c19304386.lock for C:\Users\louri\Desktop\capsule\node_modules\bcrypt
363 verbose stack Error: bcrypt@0.8.6 install: `node-gyp rebuild`
363 verbose stack Exit status 1
363 verbose stack     at EventEmitter.<anonymous> (C:\Program Files (x86)\nodejs\node_modules\npm\lib\utils\lifecycle.js:214:16)
363 verbose stack     at emitTwo (events.js:87:13)
363 verbose stack     at EventEmitter.emit (events.js:172:7)
363 verbose stack     at ChildProcess.<anonymous> (C:\Program Files (x86)\nodejs\node_modules\npm\lib\utils\spawn.js:24:14)
363 verbose stack     at emitTwo (events.js:87:13)
363 verbose stack     at ChildProcess.emit (events.js:172:7)
363 verbose stack     at maybeClose (internal/child_process.js:818:16)
363 verbose stack     at Process.ChildProcess._handle.onexit (internal/child_process.js:211:5)
364 verbose pkgid bcrypt@0.8.6
365 verbose cwd C:\Users\louri\Desktop\capsule
366 error Windows_NT 10.0.10586
367 error argv "C:\\Program Files (x86)\\nodejs\\node.exe" "C:\\Program Files (x86)\\nodejs\\node_modules\\npm\\bin\\npm-cli.js" "install"
368 error node v4.2.4
369 error npm  v2.14.12
370 error code ELIFECYCLE
371 error bcrypt@0.8.6 install: `node-gyp rebuild`
371 error Exit status 1
372 error Failed at the bcrypt@0.8.6 install script 'node-gyp rebuild'.
372 error This is most likely a problem with the bcrypt package,
372 error not with npm itself.
372 error Tell the author that this fails on your system:
372 error     node-gyp rebuild
372 error You can get their info via:
372 error     npm owner ls bcrypt
372 error There is likely additional logging output above.
373 verbose exit [ 1, true ]
374 verbose unbuild node_modules\bcrypt
375 info preuninstall bcrypt@0.8.6
376 info uninstall bcrypt@0.8.6
377 verbose unbuild rmStuff bcrypt@0.8.6 from C:\Users\louri\Desktop\capsule\node_modules
378 info postuninstall bcrypt@0.8.6
379 silly gentlyRm C:\Users\louri\Desktop\capsule\node_modules\bcrypt is being purged from base C:\Users\louri\Desktop\capsule
380 verbose gentlyRm don't care about contents; nuking C:\Users\louri\Desktop\capsule\node_modules\bcrypt
381 silly vacuum-fs purging C:\Users\louri\Desktop\capsule\node_modules\bcrypt
382 silly vacuum-fs quitting because other entries in C:\Users\louri\Desktop\capsule\node_modules
